c:\users\benjamin.odom\documents\github\engine\engine\engine solution\engine\debug\vc140.pdb
c:\users\benjamin.odom\documents\github\engine\engine\engine solution\engine\debug\vc140.idb
c:\users\benjamin.odom\documents\github\engine\engine\engine solution\engine\debug\battle.obj
c:\users\benjamin.odom\documents\github\engine\engine\engine solution\engine\debug\camera.obj
c:\users\benjamin.odom\documents\github\engine\engine\engine solution\engine\debug\layer.obj
c:\users\benjamin.odom\documents\github\engine\engine\engine solution\engine\debug\main loop.obj
c:\users\benjamin.odom\documents\github\engine\engine\engine solution\engine\debug\message.obj
c:\users\benjamin.odom\documents\github\engine\engine\engine solution\engine\debug\npc.obj
c:\users\benjamin.odom\documents\github\engine\engine\engine solution\engine\debug\red.obj
c:\users\benjamin.odom\documents\github\engine\engine\engine solution\engine\debug\sprite_class.obj
c:\users\benjamin.odom\documents\github\engine\engine\engine solution\engine\debug\debug.obj
c:\users\benjamin.odom\documents\github\engine\engine\engine solution\engine\debug\eventhandler.obj
c:\users\benjamin.odom\documents\github\engine\engine\engine solution\engine\debug\fps.obj
c:\users\benjamin.odom\documents\github\engine\engine\engine solution\engine\debug\graphics.obj
c:\users\benjamin.odom\documents\github\engine\engine\engine solution\engine\debug\loops.obj
c:\users\benjamin.odom\documents\github\engine\engine\engine solution\engine\debug\loop.obj
c:\users\benjamin.odom\documents\github\engine\engine\engine solution\engine\debug\sound.obj
c:\users\benjamin.odom\documents\github\engine\engine\engine solution\engine\debug\textin.obj
c:\users\benjamin.odom\documents\github\engine\engine\engine solution\engine\debug\text.obj
c:\users\benjamin.odom\documents\github\engine\engine\engine solution\engine\debug\main.obj
c:\users\benjamin.odom\documents\github\engine\engine\engine solution\engine\debug\engine.tlog\cl.command.1.tlog
c:\users\benjamin.odom\documents\github\engine\engine\engine solution\engine\debug\engine.tlog\cl.read.1.tlog
c:\users\benjamin.odom\documents\github\engine\engine\engine solution\engine\debug\engine.tlog\cl.write.1.tlog
c:\users\benjamin.odom\documents\github\engine\engine\engine solution\engine\debug\engine.tlog\link.command.1.tlog
c:\users\benjamin.odom\documents\github\engine\engine\engine solution\engine\debug\engine.tlog\link.read.1.tlog
c:\users\benjamin.odom\documents\github\engine\engine\engine solution\engine\debug\engine.tlog\link.write.1.tlog
