Build started 8/26/2015 11:44:39 AM.
     1>Project "C:\Users\benjamin.odom\Documents\GitHub\Engine\Engine\Engine Solution\Engine\Engine.vcxproj" on node 2 (Build target(s)).
     1>ClCompile:
         C:\Program Files (x86)\Microsoft Visual Studio 14.0\VC\bin\CL.exe /c /IC:\SDL\include /IC:\OpenGL\include /ZI /nologo /W3 /WX- /sdl /Od /Oy- /D _MBCS /Gm /EHsc /RTC1 /MDd /GS /fp:precise /Zc:wchar_t /Zc:forScope /Zc:inline /Fo"Debug\\" /Fd"Debug\vc140.pdb" /Gd /TP /analyze- /errorReport:prompt "Project\Classes\Main Loop.cpp" Project\Engine\Text\Text.cpp
         Text.cpp
     1>c:\users\benjamin.odom\documents\github\engine\engine\engine solution\engine\project\engine\text\text.cpp(51): warning C4018: '<': signed/unsigned mismatch
     1>c:\users\benjamin.odom\documents\github\engine\engine\engine solution\engine\project\engine\text\text.cpp(57): warning C4244: 'argument': conversion from 'int' to 'float', possible loss of data
         Main Loop.cpp
     1>c:\users\benjamin.odom\documents\github\engine\engine\engine solution\engine\project\classes\main loop.cpp(61): warning C4018: '<': signed/unsigned mismatch
     1>c:\users\benjamin.odom\documents\github\engine\engine\engine solution\engine\project\classes\main loop.cpp(68): warning C4018: '<': signed/unsigned mismatch
     1>c:\users\benjamin.odom\documents\github\engine\engine\engine solution\engine\project\classes\main loop.cpp(72): warning C4018: '<': signed/unsigned mismatch
     1>c:\users\benjamin.odom\documents\github\engine\engine\engine solution\engine\project\classes\main loop.cpp(83): warning C4018: '<': signed/unsigned mismatch
     1>c:\users\benjamin.odom\documents\github\engine\engine\engine solution\engine\project\classes\main loop.cpp(95): warning C4018: '<': signed/unsigned mismatch
     1>c:\users\benjamin.odom\documents\github\engine\engine\engine solution\engine\project\classes\main loop.cpp(97): warning C4244: 'initializing': conversion from 'float' to 'short', possible loss of data
     1>c:\users\benjamin.odom\documents\github\engine\engine\engine solution\engine\project\classes\main loop.cpp(99): warning C4244: 'initializing': conversion from 'float' to 'short', possible loss of data
     1>c:\users\benjamin.odom\documents\github\engine\engine\engine solution\engine\project\classes\main loop.cpp(101): warning C4244: 'argument': conversion from 'int' to 'float', possible loss of data
     1>c:\users\benjamin.odom\documents\github\engine\engine\engine solution\engine\project\classes\main loop.cpp(104): warning C4244: 'argument': conversion from 'float' to 'int', possible loss of data
     1>c:\users\benjamin.odom\documents\github\engine\engine\engine solution\engine\project\classes\main loop.cpp(106): warning C4018: '<': signed/unsigned mismatch
         Generating Code...
       Link:
         C:\Program Files (x86)\Microsoft Visual Studio 14.0\VC\bin\link.exe /ERRORREPORT:PROMPT /OUT:"C:\Users\benjamin.odom\Documents\GitHub\Engine\Engine\Engine Solution\Debug\Engine.exe" /INCREMENTAL /NOLOGO /LIBPATH:C:\SDL\lib /LIBPATH:C:\OpenGL\lib SDL2.lib SDL2main.lib SDL2_image.lib SDL2_mixer.lib SDL2_ttf.lib glew32.lib glew32s.lib freeglut.lib kernel32.lib user32.lib gdi32.lib winspool.lib comdlg32.lib advapi32.lib shell32.lib ole32.lib oleaut32.lib uuid.lib odbc32.lib odbccp32.lib /MANIFEST /MANIFESTUAC:"level='asInvoker' uiAccess='false'" /manifest:embed /Debug /PDB:"C:\Users\benjamin.odom\Documents\GitHub\Engine\Engine\Engine Solution\Debug\Engine.pdb" /TLBID:1 /DYNAMICBASE /NXCOMPAT /IMPLIB:"C:\Users\benjamin.odom\Documents\GitHub\Engine\Engine\Engine Solution\Debug\Engine.lib" /MACHINE:X86 Debug\Battle.obj
         Debug\Camera.obj
         Debug\Layer.obj
         "Debug\Main Loop.obj"
         Debug\Message.obj
         Debug\NPC.obj
         Debug\Red.obj
         Debug\Sprite_Class.obj
         Debug\Debug.obj
         Debug\EventHandler.obj
         Debug\FPS.obj
         Debug\Graphics.obj
         Debug\Loops.obj
         Debug\Loop.obj
         Debug\Sound.obj
         Debug\TextIn.obj
         Debug\Text.obj
         Debug\main.obj
         Engine.vcxproj -> C:\Users\benjamin.odom\Documents\GitHub\Engine\Engine\Engine Solution\Debug\Engine.exe
     1>Done Building Project "C:\Users\benjamin.odom\Documents\GitHub\Engine\Engine\Engine Solution\Engine\Engine.vcxproj" (Build target(s)).

Build succeeded.

Time Elapsed 00:00:01.59
